
WA:   ../testcase/functional/04_arr_defn3
WA:   ../testcase/functional/05_arr_defn4
WA:   ../testcase/functional/08_const_array_defn
WA:   ../testcase/functional/13_sub2
WA:   ../testcase/functional/17_div
WA:   ../testcase/functional/19_mod
WA:   ../testcase/functional/21_if_test2
WA:   ../testcase/functional/25_while_if
WA:   ../testcase/functional/26_while_test1
WA:   ../testcase/functional/27_while_test2
WA:   ../testcase/functional/28_while_test3
WA:   ../testcase/functional/29_break
WA:   ../testcase/functional/30_continue
WA:   ../testcase/functional/31_while_if_test1
WA:   ../testcase/functional/32_while_if_test2
WA:   ../testcase/functional/33_while_if_test3
WA:   ../testcase/functional/34_arr_expr_len
WA:   ../testcase/functional/35_op_priority1
WA:   ../testcase/functional/39_op_priority5
WA:   ../testcase/functional/40_unary_op
WA:   ../testcase/functional/41_unary_op2
WA:   ../testcase/functional/42_empty_stmt
WA:   ../testcase/functional/44_stmt_expr
WA:   ../testcase/functional/48_assign_complex_expr
WA:   ../testcase/functional/49_if_complex_expr
WA:   ../testcase/functional/50_short_circuit
WA:   ../testcase/functional/51_short_circuit3
WA:   ../testcase/functional/52_scope
WA:   ../testcase/functional/53_scope2
WA:   ../testcase/functional/54_hidden_var
WA:   ../testcase/functional/55_sort_test1
WA:   ../testcase/functional/56_sort_test2
WA:   ../testcase/functional/57_sort_test3
WA:   ../testcase/functional/58_sort_test4
WA:   ../testcase/functional/59_sort_test5
WA:   ../testcase/functional/60_sort_test6
WA:   ../testcase/functional/61_sort_test7
WA:   ../testcase/functional/62_percolation
WA:   ../testcase/functional/63_big_int_mul
WA:   ../testcase/functional/64_calculator
WA:   ../testcase/functional/65_color
WA:   ../testcase/functional/66_exgcd
WA:   ../testcase/functional/67_reverse_output
WA:   ../testcase/functional/68_brainfk
WA:   ../testcase/functional/69_expr_eval
WA:   ../testcase/functional/70_dijkstra
WA:   ../testcase/functional/71_full_conn
WA:   ../testcase/functional/72_hanoi
WA:   ../testcase/functional/73_int_io
WA:   ../testcase/functional/74_kmp
WA:   ../testcase/functional/75_max_flow
WA:   ../testcase/functional/76_n_queens
WA:   ../testcase/functional/77_substr
WA:   ../testcase/functional/78_side_effect
WA:   ../testcase/functional/79_var_name
WA:   ../testcase/functional/80_chaos_token
WA:   ../testcase/functional/81_skip_spaces
WA:   ../testcase/functional/82_long_func
WA:   ../testcase/functional/83_long_array
WA:   ../testcase/functional/84_long_array2
WA:   ../testcase/functional/85_long_code
CE:   ../testcase/functional/86_long_code2
WA:   ../testcase/functional/87_many_params
WA:   ../testcase/functional/88_many_params2
WA:   ../testcase/functional/89_many_globals
WA:   ../testcase/functional/90_many_locals
WA:   ../testcase/functional/91_many_locals2
WA:   ../testcase/functional/92_register_alloc
WA:   ../testcase/functional/93_nested_calls
WA:   ../testcase/functional/94_nested_loops
WA:   ../testcase/functional/95_float
WA:   ../testcase/functional/96_matrix_add
WA:   ../testcase/functional/97_matrix_sub
WA:   ../testcase/functional/98_matrix_mul
WA:   ../testcase/functional/99_matrix_tran
